2017-08-20 22:47:38,505 INFO  [Log] **************************表格数据读取结束********************************** 
2017-08-20 22:47:38,506 INFO  [Log] 测试数据表格：C:\Users\Administrator\eclipse-workspace\api\testDataExcel\testphoneone.xlsx 
2017-08-20 22:47:38,843 INFO  [Log] 收货人名字：大爷134 
2017-08-20 22:47:38,844 INFO  [Log] 收货电话号码：13414672775 
2017-08-20 22:47:38,845 INFO  [Log] 期望值：成功 
2017-08-20 22:47:38,845 INFO  [Log] **************************表格数据读取结束********************************** 
2017-08-20 22:47:38,853 INFO  [Log] --------------------------------------------------------------- 
2017-08-20 22:47:38,853 INFO  [Log] ***********************CheckAddressPhone用例测试开始*********************** 
2017-08-20 22:47:38,855 INFO  [Log] +++++++++++++++++开始调用Login++++++++++++++++++++++ 
2017-08-20 22:47:39,046 INFO  [Log] 登录接口路径：http://release.thy360.com/v2/regist/code 
2017-08-20 22:47:39,046 INFO  [Log] 登录用户：13714672775 
2017-08-20 22:47:39,323 INFO  [Log] +++++++++++++++++结束调用Login++++++++++++++++++++++ 
2017-08-20 22:47:39,325 INFO  [Log] +++++++++++++++++开始调用PostMethod++++++++++++++++++++++ 
2017-08-20 22:47:39,328 INFO  [Log] 测试服务器：http://release.thy360.com 
2017-08-20 22:47:39,328 INFO  [Log] 测试接口：/v3/setting/address 
2017-08-20 22:47:39,328 INFO  [Log] 测试社区：813395 
2017-08-20 22:47:39,328 INFO  [Log] 用户登录token:e9ccf3c7-2a00-48c0-9cdb-6fb9b5e69256 
2017-08-20 22:47:39,328 INFO  [Log] 测试接口的传入json数据：{"city1":"深圳","gender":"0","phone":"13414672775","regionId":"813395","contact":"大爷134","latitude":"22.408965","addressNaviId":"18039","room1":"11111A","village":"东角山","addressBuildingId":"259","building":"南区美庐园B栋","longitude":"113.826119"} 
2017-08-20 22:47:39,377 INFO  [Log] 测试接口返回:{"statusCode":0,"msg":"成功","data":{"id":15474,"phone":"13414672775","contact":"大爷134","gender":0,"village":"东角山","building":"南区美庐园B栋","room":"","address":"深圳市南山区东角山南区美庐园B栋11111A","buy_way":0,"defaultAddr":true,"regionId":813395,"city1":"深圳市南山区","room1":"11111A","latitude":22.408965,"longitude":113.826119,"isValidate":0,"addressBuildingId":259,"addressNaviId":18039,"realVillage":"东角山"},"success":true} 
2017-08-20 22:47:39,377 INFO  [Log] +++++++++++++++++结束调用PostMethod++++++++++++++++++++++ 
2017-08-20 22:47:39,380 INFO  [Log] ---------------------------------------------------------------- 
2017-08-20 22:47:39,380 INFO  [Log] ***********************CheckAddressPhone用例测试结束************************* 
