2017-08-20 22:45:19,495 INFO  [Log] **************************表格数据读取结束********************************** 
2017-08-20 22:45:19,496 INFO  [Log] 测试数据表格：C:\Users\Administrator\eclipse-workspace\api\testDataExcel\testphoneone.xlsx 
2017-08-20 22:45:19,823 INFO  [Log] 收货人名字：大爷134 
2017-08-20 22:45:19,823 INFO  [Log] 收货电话号码：13414672775 
2017-08-20 22:45:19,824 INFO  [Log] 期望值：成功 
2017-08-20 22:45:19,824 INFO  [Log] **************************表格数据读取结束********************************** 
2017-08-20 22:45:19,834 INFO  [Log] --------------------------------------------------------------- 
2017-08-20 22:45:19,834 INFO  [Log] ***********************CheckAddressPhone用例测试开始*********************** 
2017-08-20 22:45:19,835 INFO  [Log] +++++++++++++++++开始调用Login++++++++++++++++++++++ 
2017-08-20 22:45:20,030 INFO  [Log] 登录接口路径：http://release.thy360.com/v2/regist/code 
2017-08-20 22:45:20,030 INFO  [Log] 登录用户：13714672775 
2017-08-20 22:45:20,312 INFO  [Log] +++++++++++++++++结束调用Login++++++++++++++++++++++ 
2017-08-20 22:45:20,313 INFO  [Log] +++++++++++++++++开始调用PostMethod++++++++++++++++++++++ 
2017-08-20 22:45:20,318 INFO  [Log] 测试服务器：http://release.thy360.com 
2017-08-20 22:45:20,318 INFO  [Log] 测试接口：/v3/setting/address 
2017-08-20 22:45:20,318 INFO  [Log] 测试社区：813395 
2017-08-20 22:45:20,318 INFO  [Log] 用户登录token:d5859f29-3ab8-4301-bfa5-98946812b3e4 
2017-08-20 22:45:20,318 INFO  [Log] 测试接口的传入json数据：{"city1":"深圳","gender":"0","phone":"13414672775","regionId":"813395","contact":"大爷134","latitude":"22.408965","addressNaviId":"18039","room1":"11111A","village":"东角山","addressBuildingId":"259","building":"南区美庐园B栋","longitude":"113.826119"} 
2017-08-20 22:45:20,374 INFO  [Log] 测试接口返回:{"statusCode":0,"msg":"成功","data":{"id":15471,"phone":"13414672775","contact":"大爷134","gender":0,"village":"东角山","building":"南区美庐园B栋","room":"","address":"深圳市南山区东角山南区美庐园B栋11111A","buy_way":0,"defaultAddr":true,"regionId":813395,"city1":"深圳市南山区","room1":"11111A","latitude":22.408965,"longitude":113.826119,"isValidate":0,"addressBuildingId":259,"addressNaviId":18039,"realVillage":"东角山"},"success":true} 
2017-08-20 22:45:20,374 INFO  [Log] +++++++++++++++++结束调用PostMethod++++++++++++++++++++++ 
2017-08-20 22:45:20,378 INFO  [Log] ---------------------------------------------------------------- 
2017-08-20 22:45:20,378 INFO  [Log] ***********************CheckAddressPhone用例测试结束************************* 
2017-08-20 22:46:03,137 INFO  [Log] **************************表格数据读取结束********************************** 
2017-08-20 22:46:03,137 INFO  [Log] 测试数据表格：C:\Users\Administrator\eclipse-workspace\api\testDataExcel\testphoneone.xlsx 
2017-08-20 22:46:03,468 INFO  [Log] 收货人名字：大爷134 
2017-08-20 22:46:03,469 INFO  [Log] 收货电话号码：13414672775 
2017-08-20 22:46:03,469 INFO  [Log] 期望值：成功 
2017-08-20 22:46:03,469 INFO  [Log] **************************表格数据读取结束********************************** 
2017-08-20 22:46:03,478 INFO  [Log] --------------------------------------------------------------- 
2017-08-20 22:46:03,478 INFO  [Log] ***********************CheckAddressPhone用例测试开始*********************** 
2017-08-20 22:46:03,479 INFO  [Log] +++++++++++++++++开始调用Login++++++++++++++++++++++ 
2017-08-20 22:46:03,667 INFO  [Log] 登录接口路径：http://release.thy360.com/v2/regist/code 
2017-08-20 22:46:03,667 INFO  [Log] 登录用户：13714672775 
2017-08-20 22:46:03,955 INFO  [Log] +++++++++++++++++结束调用Login++++++++++++++++++++++ 
2017-08-20 22:46:03,956 INFO  [Log] +++++++++++++++++开始调用PostMethod++++++++++++++++++++++ 
2017-08-20 22:46:03,959 INFO  [Log] 测试服务器：http://release.thy360.com 
2017-08-20 22:46:03,959 INFO  [Log] 测试接口：/v3/setting/address 
2017-08-20 22:46:03,959 INFO  [Log] 测试社区：813395 
2017-08-20 22:46:03,960 INFO  [Log] 用户登录token:288ec831-82a3-48e7-8ac6-ccbdd452e819 
2017-08-20 22:46:03,960 INFO  [Log] 测试接口的传入json数据：{"city1":"深圳","gender":"0","phone":"13414672775","regionId":"813395","contact":"大爷134","latitude":"22.408965","addressNaviId":"18039","room1":"11111A","village":"东角山","addressBuildingId":"259","building":"南区美庐园B栋","longitude":"113.826119"} 
2017-08-20 22:46:04,011 INFO  [Log] 测试接口返回:{"statusCode":0,"msg":"成功","data":{"id":15472,"phone":"13414672775","contact":"大爷134","gender":0,"village":"东角山","building":"南区美庐园B栋","room":"","address":"深圳市南山区东角山南区美庐园B栋11111A","buy_way":0,"defaultAddr":true,"regionId":813395,"city1":"深圳市南山区","room1":"11111A","latitude":22.408965,"longitude":113.826119,"isValidate":0,"addressBuildingId":259,"addressNaviId":18039,"realVillage":"东角山"},"success":true} 
2017-08-20 22:46:04,011 INFO  [Log] +++++++++++++++++结束调用PostMethod++++++++++++++++++++++ 
2017-08-20 22:46:04,013 INFO  [Log] ---------------------------------------------------------------- 
2017-08-20 22:46:04,013 INFO  [Log] ***********************CheckAddressPhone用例测试结束************************* 
